0 info it worked if it ends with ok
1 verbose cli [ 'node',
1 verbose cli   '/usr/local/bin/npm',
1 verbose cli   'install',
1 verbose cli   '-g',
1 verbose cli   'cordova',
1 verbose cli   'ionic' ]
2 info using npm@1.4.28
3 info using node@v0.10.33
4 verbose cache add [ 'cordova', null ]
5 verbose cache add name=undefined spec="cordova" args=["cordova",null]
6 verbose parsed url { protocol: null,
6 verbose parsed url   slashes: null,
6 verbose parsed url   auth: null,
6 verbose parsed url   host: null,
6 verbose parsed url   port: null,
6 verbose parsed url   hostname: null,
6 verbose parsed url   hash: null,
6 verbose parsed url   search: null,
6 verbose parsed url   query: null,
6 verbose parsed url   pathname: 'cordova',
6 verbose parsed url   path: 'cordova',
6 verbose parsed url   href: 'cordova' }
7 verbose cache add [ 'ionic', null ]
8 verbose cache add name=undefined spec="ionic" args=["ionic",null]
9 verbose parsed url { protocol: null,
9 verbose parsed url   slashes: null,
9 verbose parsed url   auth: null,
9 verbose parsed url   host: null,
9 verbose parsed url   port: null,
9 verbose parsed url   hostname: null,
9 verbose parsed url   hash: null,
9 verbose parsed url   search: null,
9 verbose parsed url   query: null,
9 verbose parsed url   pathname: 'ionic',
9 verbose parsed url   path: 'ionic',
9 verbose parsed url   href: 'ionic' }
10 silly lockFile a98f2055-cordova cordova
11 verbose lock cordova /Users/john/.npm/a98f2055-cordova.lock
12 silly lockFile 00d10074-ionic ionic
13 verbose lock ionic /Users/john/.npm/00d10074-ionic.lock
14 silly lockFile a98f2055-cordova cordova
15 silly lockFile a98f2055-cordova cordova
16 verbose addNamed [ 'cordova', '' ]
17 verbose addNamed [ null, '*' ]
18 silly lockFile de8d9fad-cordova cordova@
19 verbose lock cordova@ /Users/john/.npm/de8d9fad-cordova.lock
20 silly lockFile 00d10074-ionic ionic
21 silly lockFile 00d10074-ionic ionic
22 silly addNameRange { name: 'cordova', range: '*', hasData: false }
23 verbose addNamed [ 'ionic', '' ]
24 verbose addNamed [ null, '*' ]
25 silly lockFile 966fc04a-ionic ionic@
26 verbose lock ionic@ /Users/john/.npm/966fc04a-ionic.lock
27 verbose request where is /cordova
28 verbose request registry https://registry.npmjs.org/
29 verbose request id b373dd5cb0104129
30 verbose url raw /cordova
31 verbose url resolving [ 'https://registry.npmjs.org/', './cordova' ]
32 verbose url resolved https://registry.npmjs.org/cordova
33 verbose request where is https://registry.npmjs.org/cordova
34 info trying registry request attempt 1 at 17:51:21
35 http GET https://registry.npmjs.org/cordova
36 silly addNameRange { name: 'ionic', range: '*', hasData: false }
37 verbose request where is /ionic
38 verbose request registry https://registry.npmjs.org/
39 verbose url raw /ionic
40 verbose url resolving [ 'https://registry.npmjs.org/', './ionic' ]
41 verbose url resolved https://registry.npmjs.org/ionic
42 verbose request where is https://registry.npmjs.org/ionic
43 info trying registry request attempt 1 at 17:51:21
44 http GET https://registry.npmjs.org/ionic
45 http 200 https://registry.npmjs.org/cordova
46 silly registry.get cb [ 200,
46 silly registry.get   { date: 'Tue, 16 Dec 2014 01:51:18 GMT',
46 silly registry.get     server: 'CouchDB/1.5.0 (Erlang OTP/R16B03)',
46 silly registry.get     etag: '"80C9C5NT6ZW0ZNXDUBCAKJNDB"',
46 silly registry.get     'content-type': 'application/json',
46 silly registry.get     'cache-control': 'max-age=60',
46 silly registry.get     'content-length': '333813',
46 silly registry.get     'accept-ranges': 'bytes',
46 silly registry.get     via: '1.1 varnish',
46 silly registry.get     age: '0',
46 silly registry.get     'x-served-by': 'cache-sjc3130-SJC',
46 silly registry.get     'x-cache': 'HIT',
46 silly registry.get     'x-cache-hits': '1',
46 silly registry.get     'x-timer': 'S1418694678.133966,VS0,VE85',
46 silly registry.get     vary: 'Accept',
46 silly registry.get     'keep-alive': 'timeout=10, max=50',
46 silly registry.get     connection: 'Keep-Alive' } ]
47 http 200 https://registry.npmjs.org/ionic
48 silly registry.get cb [ 200,
48 silly registry.get   { date: 'Tue, 16 Dec 2014 01:51:18 GMT',
48 silly registry.get     server: 'CouchDB/1.5.0 (Erlang OTP/R16B03)',
48 silly registry.get     etag: '"530UPN27A7ROW6LQ7RV2IZ2FT"',
48 silly registry.get     'content-type': 'application/json',
48 silly registry.get     'cache-control': 'max-age=60',
48 silly registry.get     'content-length': '159820',
48 silly registry.get     'accept-ranges': 'bytes',
48 silly registry.get     via: '1.1 varnish',
48 silly registry.get     age: '0',
48 silly registry.get     'x-served-by': 'cache-sjc3128-SJC',
48 silly registry.get     'x-cache': 'HIT',
48 silly registry.get     'x-cache-hits': '1',
48 silly registry.get     'x-timer': 'S1418694678.131632,VS0,VE35',
48 silly registry.get     vary: 'Accept',
48 silly registry.get     'keep-alive': 'timeout=10, max=50',
48 silly registry.get     connection: 'Keep-Alive' } ]
49 silly addNameRange number 2 { name: 'cordova', range: '*', hasData: true }
50 silly addNameRange versions [ 'cordova',
50 silly addNameRange   [ '0.0.1',
50 silly addNameRange     '0.0.2',
50 silly addNameRange     '0.0.3',
50 silly addNameRange     '0.0.4',
50 silly addNameRange     '0.0.5',
50 silly addNameRange     '0.0.6',
50 silly addNameRange     '0.0.7',
50 silly addNameRange     '0.0.8',
50 silly addNameRange     '0.0.9',
50 silly addNameRange     '0.1.0',
50 silly addNameRange     '0.1.1',
50 silly addNameRange     '0.1.2',
50 silly addNameRange     '0.1.3',
50 silly addNameRange     '0.1.4',
50 silly addNameRange     '0.1.5',
50 silly addNameRange     '0.1.6',
50 silly addNameRange     '0.1.7',
50 silly addNameRange     '0.1.8',
50 silly addNameRange     '0.1.9',
50 silly addNameRange     '0.1.10',
50 silly addNameRange     '0.1.11',
50 silly addNameRange     '0.1.12',
50 silly addNameRange     '0.1.13',
50 silly addNameRange     '0.1.14',
50 silly addNameRange     '2.2.0',
50 silly addNameRange     '2.3.0',
50 silly addNameRange     '2.3.1',
50 silly addNameRange     '2.3.2',
50 silly addNameRange     '2.3.3',
50 silly addNameRange     '2.3.5',
50 silly addNameRange     '2.3.6',
50 silly addNameRange     '2.4.0',
50 silly addNameRange     '2.4.1',
50 silly addNameRange     '2.4.2',
50 silly addNameRange     '2.4.3',
50 silly addNameRange     '2.4.4',
50 silly addNameRange     '2.4.5',
50 silly addNameRange     '2.4.6',
50 silly addNameRange     '2.4.7',
50 silly addNameRange     '2.4.8',
50 silly addNameRange     '2.4.9',
50 silly addNameRange     '2.4.10',
50 silly addNameRange     '2.5.0',
50 silly addNameRange     '2.5.2',
50 silly addNameRange     '2.5.3',
50 silly addNameRange     '2.5.4',
50 silly addNameRange     '2.5.5',
50 silly addNameRange     '2.6.0',
50 silly addNameRange     '2.6.1',
50 silly addNameRange     '2.6.2',
50 silly addNameRange     '2.7.0-rc.1',
50 silly addNameRange     '2.7.1-rc.1',
50 silly addNameRange     '2.7.2',
50 silly addNameRange     '2.7.3',
50 silly addNameRange     '2.7.4',
50 silly addNameRange     '2.8.0',
50 silly addNameRange     '2.8.1',
50 silly addNameRange     '2.8.2',
50 silly addNameRange     '2.8.3',
50 silly addNameRange     '2.8.4',
50 silly addNameRange     '2.8.5',
50 silly addNameRange     '2.8.6',
50 silly addNameRange     '2.8.7',
50 silly addNameRange     '2.8.8',
50 silly addNameRange     '2.8.9',
50 silly addNameRange     '2.8.10',
50 silly addNameRange     '2.8.11',
50 silly addNameRange     '2.8.12',
50 silly addNameRange     '2.8.13',
50 silly addNameRange     '2.8.14',
50 silly addNameRange     '2.8.15',
50 silly addNameRange     '2.8.16',
50 silly addNameRange     '2.8.17',
50 silly addNameRange     '2.8.18',
50 silly addNameRange     '2.8.19',
50 silly addNameRange     '2.8.20',
50 silly addNameRange     '2.8.21',
50 silly addNameRange     '2.8.22',
50 silly addNameRange     '2.8.23',
50 silly addNameRange     '2.8.24',
50 silly addNameRange     '2.8.25',
50 silly addNameRange     '2.9.0',
50 silly addNameRange     '2.9.1',
50 silly addNameRange     '2.9.2',
50 silly addNameRange     '2.9.3',
50 silly addNameRange     '2.9.4',
50 silly addNameRange     '2.9.5',
50 silly addNameRange     '2.9.6',
50 silly addNameRange     '2.9.7',
50 silly addNameRange     '3.0.0-rc1',
50 silly addNameRange     '3.0.0-rc1-1',
50 silly addNameRange     '3.0.0-rc1-3',
50 silly addNameRange     '3.0.0',
50 silly addNameRange     '3.0.1',
50 silly addNameRange     '3.0.2',
50 silly addNameRange     '3.0.3',
50 silly addNameRange     '3.0.4',
50 silly addNameRange     '3.0.5',
50 silly addNameRange     '3.0.6',
50 silly addNameRange     '3.0.7',
50 silly addNameRange     '3.0.8',
50 silly addNameRange     '3.0.9',
50 silly addNameRange     '3.0.10',
50 silly addNameRange     '3.1.0-0.1.0',
50 silly addNameRange     '3.1.0-0.2.0',
50 silly addNameRange     '3.2.0-rc.1',
50 silly addNameRange     '3.2.0-0.1.0',
50 silly addNameRange     '3.2.0-0.2.0',
50 silly addNameRange     '3.2.0-0.3.0',
50 silly addNameRange     '3.2.0-0.4.0',
50 silly addNameRange     '3.3.0-rc.1',
50 silly addNameRange     '3.3.0-0.1.1',
50 silly addNameRange     '3.3.1-0.1.2',
50 silly addNameRange     '2.9.0-rc1',
50 silly addNameRange     '3.3.1-0.3.0',
50 silly addNameRange     '3.3.1-0.3.1',
50 silly addNameRange     '3.3.1-0.4.1',
50 silly addNameRange     '3.3.1-0.4.2',
50 silly addNameRange     '3.4.0-0.1.0',
50 silly addNameRange     '3.4.0-0.1.1',
50 silly addNameRange     '3.4.0-0.1.2',
50 silly addNameRange     '3.4.0-0.1.3',
50 silly addNameRange     '0.0.0-fake',
50 silly addNameRange     '3.4.1-0.1.0',
50 silly addNameRange     '3.5.0-0.2.0',
50 silly addNameRange     '3.5.0-0.2.1',
50 silly addNameRange     '3.5.0-0.2.2',
50 silly addNameRange     '3.5.0-0.2.3',
50 silly addNameRange     '3.5.0-0.2.4',
50 silly addNameRange     '3.5.0-0.2.6',
50 silly addNameRange     '3.5.0-0.2.7',
50 silly addNameRange     '3.6.0-0.2.8',
50 silly addNameRange     '3.6.0-0.2.9',
50 silly addNameRange     '3.6.1-0.2.10',
50 silly addNameRange     '3.6.3-0.2.11',
50 silly addNameRange     '3.6.3-0.2.12',
50 silly addNameRange     '3.6.3-0.2.13',
50 silly addNameRange     '4.0.0',
50 silly addNameRange     '4.0.1',
50 silly addNameRange     '4.1.0',
50 silly addNameRange     '4.1.1',
50 silly addNameRange     '4.1.2',
50 silly addNameRange     '4.1.3-nightly.2014.10.21' ] ]
51 verbose addNamed [ 'cordova', '4.1.2' ]
52 verbose addNamed [ '4.1.2', '4.1.2' ]
53 silly lockFile d72081f6-cordova-4-1-2 cordova@4.1.2
54 verbose lock cordova@4.1.2 /Users/john/.npm/d72081f6-cordova-4-1-2.lock
55 silly lockFile 69dcc1a4-js-org-cordova-cordova-4-1-2-tgz https://registry.npmjs.org/cordova/-/cordova-4.1.2.tgz
56 verbose lock https://registry.npmjs.org/cordova/-/cordova-4.1.2.tgz /Users/john/.npm/69dcc1a4-js-org-cordova-cordova-4-1-2-tgz.lock
57 verbose addRemoteTarball [ 'https://registry.npmjs.org/cordova/-/cordova-4.1.2.tgz',
57 verbose addRemoteTarball   '68fae142997354777f77c0320229c3798cd496fd' ]
58 info retry fetch attempt 1 at 17:51:23
59 verbose fetch to= /var/folders/g3/3qh11sw51157y5cl7hf74t5c0000gn/T/npm-22200-Lu-Et7zB/registry.npmjs.org/cordova/-/cordova-4.1.2.tgz
60 http GET https://registry.npmjs.org/cordova/-/cordova-4.1.2.tgz
61 silly addNameRange number 2 { name: 'ionic', range: '*', hasData: true }
62 silly addNameRange versions [ 'ionic',
62 silly addNameRange   [ '0.9.6',
62 silly addNameRange     '0.9.8',
62 silly addNameRange     '0.9.9',
62 silly addNameRange     '0.9.10',
62 silly addNameRange     '0.9.11',
62 silly addNameRange     '0.9.12',
62 silly addNameRange     '0.9.13',
62 silly addNameRange     '0.9.14',
62 silly addNameRange     '0.9.15',
62 silly addNameRange     '0.9.16',
62 silly addNameRange     '1.0.0-beta.1',
62 silly addNameRange     '1.0.0-beta',
62 silly addNameRange     '1.0.1-beta',
62 silly addNameRange     '1.0.3-beta',
62 silly addNameRange     '1.0.4',
62 silly addNameRange     '1.0.5',
62 silly addNameRange     '1.0.6',
62 silly addNameRange     '1.0.7',
62 silly addNameRange     '1.0.8',
62 silly addNameRange     '1.0.9',
62 silly addNameRange     '1.0.10',
62 silly addNameRange     '1.0.11',
62 silly addNameRange     '1.0.12',
62 silly addNameRange     '1.0.13',
62 silly addNameRange     '1.0.14',
62 silly addNameRange     '1.0.15',
62 silly addNameRange     '1.0.16',
62 silly addNameRange     '1.0.17',
62 silly addNameRange     '1.1.0-beta1',
62 silly addNameRange     '1.1.0-beta2',
62 silly addNameRange     '1.1.0-beta3',
62 silly addNameRange     '1.1.0-beta4',
62 silly addNameRange     '1.1.0-beta5',
62 silly addNameRange     '1.1.0-beta6',
62 silly addNameRange     '1.1.0',
62 silly addNameRange     '1.1.1-beta1',
62 silly addNameRange     '1.1.1-beta2',
62 silly addNameRange     '1.1.1-beta3',
62 silly addNameRange     '1.1.1',
62 silly addNameRange     '1.1.3',
62 silly addNameRange     '1.1.4',
62 silly addNameRange     '1.1.5-beta1',
62 silly addNameRange     '1.1.5-beta2',
62 silly addNameRange     '1.1.5-beta3',
62 silly addNameRange     '1.1.5-beta4',
62 silly addNameRange     '1.1.5-beta5',
62 silly addNameRange     '1.1.5',
62 silly addNameRange     '1.1.6',
62 silly addNameRange     '1.1.7-beta1',
62 silly addNameRange     '1.1.7',
62 silly addNameRange     '1.1.8-beta1',
62 silly addNameRange     '1.1.8-beta2',
62 silly addNameRange     '1.1.8-beta3',
62 silly addNameRange     '1.1.8-beta4',
62 silly addNameRange     '1.1.8-beta5',
62 silly addNameRange     '1.1.8',
62 silly addNameRange     '1.1.9-beta1',
62 silly addNameRange     '1.1.9',
62 silly addNameRange     '1.1.10',
62 silly addNameRange     '1.1.11-beta1',
62 silly addNameRange     '1.1.11-beta2',
62 silly addNameRange     '1.1.11',
62 silly addNameRange     '1.1.12-beta1',
62 silly addNameRange     '1.1.12-beta2',
62 silly addNameRange     '1.1.12-beta3',
62 silly addNameRange     '1.1.12',
62 silly addNameRange     '1.1.13',
62 silly addNameRange     '1.1.14-beta1',
62 silly addNameRange     '1.1.14-beta2',
62 silly addNameRange     '1.1.14-beta3',
62 silly addNameRange     '1.2.0-beta1',
62 silly addNameRange     '1.2.0',
62 silly addNameRange     '1.2.1-beta1',
62 silly addNameRange     '1.2.1-beta2',
62 silly addNameRange     '1.2.1-beta3',
62 silly addNameRange     '1.2.1-beta4',
62 silly addNameRange     '1.2.1',
62 silly addNameRange     '1.2.2',
62 silly addNameRange     '1.2.3-beta1',
62 silly addNameRange     '1.2.3-beta2',
62 silly addNameRange     '1.2.3-beta3',
62 silly addNameRange     '1.2.3',
62 silly addNameRange     '1.2.4-beta1',
62 silly addNameRange     '1.2.4-beta2',
62 silly addNameRange     '1.2.4-beta3',
62 silly addNameRange     '1.2.4',
62 silly addNameRange     '1.2.5-beta1',
62 silly addNameRange     '1.2.5-beta2',
62 silly addNameRange     '1.2.5-beta3',
62 silly addNameRange     '1.2.5',
62 silly addNameRange     '1.2.6-beta1',
62 silly addNameRange     '1.2.6-beta2',
62 silly addNameRange     '1.2.6-beta3',
62 silly addNameRange     '1.2.6',
62 silly addNameRange     '1.2.7',
62 silly addNameRange     '1.2.8-beta1',
62 silly addNameRange     '1.2.8-beta2',
62 silly addNameRange     '1.2.8',
62 silly addNameRange     '1.2.9',
62 silly addNameRange     '1.2.10',
62 silly addNameRange     '1.2.11',
62 silly addNameRange     '1.2.12',
62 silly addNameRange     '1.2.13' ] ]
63 verbose addNamed [ 'ionic', '1.2.13' ]
64 verbose addNamed [ '1.2.13', '1.2.13' ]
65 silly lockFile 5e1bd26f-ionic-1-2-13 ionic@1.2.13
66 verbose lock ionic@1.2.13 /Users/john/.npm/5e1bd26f-ionic-1-2-13.lock
67 silly lockFile 61b739f4-npmjs-org-ionic-ionic-1-2-13-tgz https://registry.npmjs.org/ionic/-/ionic-1.2.13.tgz
68 verbose lock https://registry.npmjs.org/ionic/-/ionic-1.2.13.tgz /Users/john/.npm/61b739f4-npmjs-org-ionic-ionic-1-2-13-tgz.lock
69 verbose addRemoteTarball [ 'https://registry.npmjs.org/ionic/-/ionic-1.2.13.tgz',
69 verbose addRemoteTarball   '24e6c4aa646d73f4d62b0b75a25d5fdb117929e0' ]
70 info retry fetch attempt 1 at 17:51:23
71 verbose fetch to= /var/folders/g3/3qh11sw51157y5cl7hf74t5c0000gn/T/npm-22200-Lu-Et7zB/registry.npmjs.org/ionic/-/ionic-1.2.13.tgz
72 http GET https://registry.npmjs.org/ionic/-/ionic-1.2.13.tgz
73 http 200 https://registry.npmjs.org/ionic/-/ionic-1.2.13.tgz
74 http 200 https://registry.npmjs.org/cordova/-/cordova-4.1.2.tgz
75 silly lockFile 69dcc1a4-js-org-cordova-cordova-4-1-2-tgz https://registry.npmjs.org/cordova/-/cordova-4.1.2.tgz
76 silly lockFile 69dcc1a4-js-org-cordova-cordova-4-1-2-tgz https://registry.npmjs.org/cordova/-/cordova-4.1.2.tgz
77 silly lockFile d72081f6-cordova-4-1-2 cordova@4.1.2
78 silly lockFile d72081f6-cordova-4-1-2 cordova@4.1.2
79 silly lockFile de8d9fad-cordova cordova@
80 silly lockFile de8d9fad-cordova cordova@
81 silly lockFile 61b739f4-npmjs-org-ionic-ionic-1-2-13-tgz https://registry.npmjs.org/ionic/-/ionic-1.2.13.tgz
82 silly lockFile 61b739f4-npmjs-org-ionic-ionic-1-2-13-tgz https://registry.npmjs.org/ionic/-/ionic-1.2.13.tgz
83 silly lockFile 5e1bd26f-ionic-1-2-13 ionic@1.2.13
84 silly lockFile 5e1bd26f-ionic-1-2-13 ionic@1.2.13
85 silly lockFile 966fc04a-ionic ionic@
86 silly lockFile 966fc04a-ionic ionic@
87 silly resolved [ { name: 'cordova',
87 silly resolved     version: '4.1.2',
87 silly resolved     preferGlobal: 'true',
87 silly resolved     description: 'Cordova command line interface tool',
87 silly resolved     main: 'cordova',
87 silly resolved     engines: { node: '>=0.9.9' },
87 silly resolved     engineStrict: true,
87 silly resolved     bin: { cordova: './bin/cordova' },
87 silly resolved     scripts: { test: 'jasmine-node --captureExceptions --color spec' },
87 silly resolved     repository:
87 silly resolved      { type: 'git',
87 silly resolved        url: 'https://git-wip-us.apache.org/repos/asf/cordova-cli.git' },
87 silly resolved     bugs:
87 silly resolved      { url: 'https://issues.apache.org/jira/browse/CB',
87 silly resolved        email: 'dev@cordova.apache.org' },
87 silly resolved     keywords: [ 'cordova', 'client', 'cli' ],
87 silly resolved     dependencies:
87 silly resolved      { 'cordova-lib': '4.1.2',
87 silly resolved        q: '1.0.1',
87 silly resolved        nopt: '3.0.1',
87 silly resolved        underscore: '1.7.0' },
87 silly resolved     devDependencies: { 'jasmine-node': '1.14.5' },
87 silly resolved     author: { name: 'Anis Kadri' },
87 silly resolved     contributors:
87 silly resolved      [ [Object],
87 silly resolved        [Object],
87 silly resolved        [Object],
87 silly resolved        [Object],
87 silly resolved        [Object],
87 silly resolved        [Object],
87 silly resolved        [Object],
87 silly resolved        [Object],
87 silly resolved        [Object],
87 silly resolved        [Object],
87 silly resolved        [Object],
87 silly resolved        [Object],
87 silly resolved        [Object],
87 silly resolved        [Object],
87 silly resolved        [Object],
87 silly resolved        [Object],
87 silly resolved        [Object],
87 silly resolved        [Object],
87 silly resolved        [Object],
87 silly resolved        [Object],
87 silly resolved        [Object],
87 silly resolved        [Object],
87 silly resolved        [Object],
87 silly resolved        [Object] ],
87 silly resolved     license: 'Apache version 2.0',
87 silly resolved     _id: 'cordova@4.1.2',
87 silly resolved     dist:
87 silly resolved      { shasum: '68fae142997354777f77c0320229c3798cd496fd',
87 silly resolved        tarball: 'http://registry.npmjs.org/cordova/-/cordova-4.1.2.tgz' },
87 silly resolved     _resolved: 'https://registry.npmjs.org/cordova/-/cordova-4.1.2.tgz',
87 silly resolved     _from: 'cordova@',
87 silly resolved     _npmVersion: '1.4.3',
87 silly resolved     _npmUser: { name: 'kamrik', email: 'kamrik@gmail.com' },
87 silly resolved     maintainers:
87 silly resolved      [ [Object],
87 silly resolved        [Object],
87 silly resolved        [Object],
87 silly resolved        [Object],
87 silly resolved        [Object],
87 silly resolved        [Object],
87 silly resolved        [Object],
87 silly resolved        [Object],
87 silly resolved        [Object],
87 silly resolved        [Object],
87 silly resolved        [Object],
87 silly resolved        [Object],
87 silly resolved        [Object] ],
87 silly resolved     directories: {},
87 silly resolved     _shasum: '68fae142997354777f77c0320229c3798cd496fd' },
87 silly resolved   { name: 'ionic',
87 silly resolved     version: '1.2.13',
87 silly resolved     preferGlobal: true,
87 silly resolved     description: 'A tool for creating and developing Ionic Framework mobile apps.',
87 silly resolved     homepage: 'http://ionicframework.com/',
87 silly resolved     bin: { ionic: 'bin/ionic' },
87 silly resolved     keywords:
87 silly resolved      [ 'ionic',
87 silly resolved        'ionic framework',
87 silly resolved        'ionicframework',
87 silly resolved        'mobile',
87 silly resolved        'app',
87 silly resolved        'hybrid',
87 silly resolved        'cordova',
87 silly resolved        'phonegap' ],
87 silly resolved     repository:
87 silly resolved      { type: 'git',
87 silly resolved        url: 'https://github.com/driftyco/ionic-cli.git' },
87 silly resolved     contributors: [ [Object], [Object], [Object], [Object] ],
87 silly resolved     license: 'MIT',
87 silly resolved     dependencies:
87 silly resolved      { archiver: '0.5.1',
87 silly resolved        colors: '0.6.2',
87 silly resolved        connect: '3.1.1',
87 silly resolved        'cross-spawn': '0.2.3',
87 silly resolved        'connect-livereload': '0.4.0',
87 silly resolved        'event-stream': '3.0.x',
87 silly resolved        finalhandler: '0.2.0',
87 silly resolved        'form-data': '0.1.4',
87 silly resolved        gulp: '3.8.8',
87 silly resolved        ncp: '0.4.2',
87 silly resolved        npm: '2.1.3',
87 silly resolved        open: '0.0.5',
87 silly resolved        optimist: '0.6.0',
87 silly resolved        prompt: '0.2.12',
87 silly resolved        progress: '1.1.7',
87 silly resolved        'proxy-middleware': '^0.7.0',
87 silly resolved        q: '1.0.1',
87 silly resolved        request: '2.27.0',
87 silly resolved        'serve-static': '1.7.1',
87 silly resolved        shelljs: '0.2.6',
87 silly resolved        'tiny-lr-fork': '0.0.5',
87 silly resolved        unzip: '0.1.9',
87 silly resolved        'vinyl-fs': '0.3.7',
87 silly resolved        xml2js: '0.4.4',
87 silly resolved        underscore: '~1.7.0' },
87 silly resolved     gitHead: '9f8ba9acb76ad6785a5e000324d2572fe38cdebf',
87 silly resolved     bugs: { url: 'https://github.com/driftyco/ionic-cli/issues' },
87 silly resolved     _id: 'ionic@1.2.13',
87 silly resolved     scripts: {},
87 silly resolved     _shasum: '24e6c4aa646d73f4d62b0b75a25d5fdb117929e0',
87 silly resolved     _from: 'ionic@',
87 silly resolved     _npmVersion: '2.1.10',
87 silly resolved     _nodeVersion: '0.10.33',
87 silly resolved     _npmUser: { name: 'drifty', email: 'max@drifty.com' },
87 silly resolved     maintainers: [ [Object] ],
87 silly resolved     dist:
87 silly resolved      { shasum: '24e6c4aa646d73f4d62b0b75a25d5fdb117929e0',
87 silly resolved        tarball: 'http://registry.npmjs.org/ionic/-/ionic-1.2.13.tgz' },
87 silly resolved     directories: {},
87 silly resolved     _resolved: 'https://registry.npmjs.org/ionic/-/ionic-1.2.13.tgz' } ]
88 info install cordova@4.1.2 into /usr/local/lib
89 info install ionic@1.2.13 into /usr/local/lib
90 info installOne cordova@4.1.2
91 info installOne ionic@1.2.13
92 verbose lib/node_modules/cordova unbuild
93 verbose lib/node_modules/ionic unbuild
94 verbose tar unpack /Users/john/.npm/cordova/4.1.2/package.tgz
95 silly lockFile 9557e84b-r-local-lib-node-modules-cordova tar:///usr/local/lib/node_modules/cordova
96 verbose lock tar:///usr/local/lib/node_modules/cordova /Users/john/.npm/9557e84b-r-local-lib-node-modules-cordova.lock
97 silly lockFile bb94f904-hn-npm-cordova-4-1-2-package-tgz tar:///Users/john/.npm/cordova/4.1.2/package.tgz
98 verbose lock tar:///Users/john/.npm/cordova/4.1.2/package.tgz /Users/john/.npm/bb94f904-hn-npm-cordova-4-1-2-package-tgz.lock
99 verbose tar unpack /Users/john/.npm/ionic/1.2.13/package.tgz
100 silly lockFile 49903aa3-usr-local-lib-node-modules-ionic tar:///usr/local/lib/node_modules/ionic
101 verbose lock tar:///usr/local/lib/node_modules/ionic /Users/john/.npm/49903aa3-usr-local-lib-node-modules-ionic.lock
102 silly lockFile 2427800c-ohn-npm-ionic-1-2-13-package-tgz tar:///Users/john/.npm/ionic/1.2.13/package.tgz
103 verbose lock tar:///Users/john/.npm/ionic/1.2.13/package.tgz /Users/john/.npm/2427800c-ohn-npm-ionic-1-2-13-package-tgz.lock
104 silly gunzTarPerm modes [ '755', '644' ]
105 silly gunzTarPerm modes [ '755', '644' ]
106 error Error: EACCES, mkdir '/usr/local/lib/node_modules/cordova'
106 error  { [Error: EACCES, mkdir '/usr/local/lib/node_modules/cordova']
106 error   errno: 3,
106 error   code: 'EACCES',
106 error   path: '/usr/local/lib/node_modules/cordova',
106 error   fstream_type: 'Directory',
106 error   fstream_path: '/usr/local/lib/node_modules/cordova',
106 error   fstream_class: 'DirWriter',
106 error   fstream_stack:
106 error    [ '/usr/local/lib/node_modules/npm/node_modules/fstream/lib/dir-writer.js:36:23',
106 error      '/usr/local/lib/node_modules/npm/node_modules/mkdirp/index.js:46:53',
106 error      'Object.oncomplete (fs.js:107:15)' ] }
107 error Please try running this command again as root/Administrator.
108 error System Darwin 13.3.0
109 error command "node" "/usr/local/bin/npm" "install" "-g" "cordova" "ionic"
110 error cwd /Users/john/Dropbox/fluttr2
111 error node -v v0.10.33
112 error npm -v 1.4.28
113 error path /usr/local/lib/node_modules/cordova
114 error fstream_path /usr/local/lib/node_modules/cordova
115 error fstream_type Directory
116 error fstream_class DirWriter
117 error code EACCES
118 error errno 3
119 error stack Error: EACCES, mkdir '/usr/local/lib/node_modules/cordova'
120 error fstream_stack /usr/local/lib/node_modules/npm/node_modules/fstream/lib/dir-writer.js:36:23
120 error fstream_stack /usr/local/lib/node_modules/npm/node_modules/mkdirp/index.js:46:53
120 error fstream_stack Object.oncomplete (fs.js:107:15)
121 verbose exit [ 3, true ]
